V "4.12.0.0"
R
S "asserted_formulas"
C 396
R
S "debug_ref_count"
S "true"
C 0
R
S "memory_high_watermark"
S "44445555"
C 0
R
S "memory_high_watermark_mb"
S "44445555"
C 0
R
S "memory_max_alloc_count"
S "44445555"
C 0
R
S "memory_max_size"
S "44445555"
C 0
R
S "verbose"
S "2"
C 0
R
S "warning"
S "true"
C 0
R
S "pp.decimal"
S "true"
C 0
R
S "solver.lemmas2console"
S "true"
C 0
R
P 0x7f853a021e00
S "weird_case/dummy.smt2"
U 0
s 0
p 0
U 0
s 0
p 0
C 382
= 0x7f853b71da20
R
P 0x7f853a021e00
C 391
R
P 0x7f853a021e00
P 0x7f853b71da20
C 522
R
P 0x7f853a021e00
P 0x7f853b71da20
C 524
R
P 0x7f853a021e00
C 391
R
P 0x7f853a021e00
P 0x7f853b71da20
U 0
C 525
= 0x7f853b71e2d0
R
P 0x7f853a021e00
C 391
R
P 0x7f853a021e00
P 0x7f853b71e2d0
C 9
R
P 0x7f853a021e00
C 461
= 0x7f8539f0a590
R
P 0x7f853a021e00
C 391
R
P 0x7f853a021e00
P 0x7f8539f0a590
C 470
R
P 0x7f853a021e00
P 0x7f8539f0a590
P 0x7f853b71e2d0
C 477
R
P 0x7f853a021e00
C 391
R
P 0x7f853a021e00
P 0x7f8539f0a590
C 499
R
P 0x7f853a021e00
C 391
R
P 0x7f853a021e00
P 0x7f8539f0a590
C 504
= 0x7f853b7b3ee0
R
P 0x7f853a021e00
C 391
R
P 0x7f853a021e00
P 0x7f853b7b3ee0
C 343
R
P 0x7f853a021e00
P 0x7f853b7b3ee0
C 380
R
P 0x7f853a021e00
C 391
R
P 0x7f853a021e00
P 0x7f853b70a4b0
C 10
R
P 0x7f853a021e00
P 0x7f853b705900
C 10
R
P 0x7f853a021e00
P 0x7f853b704ff0
C 10
R
P 0x7f853a021e00
P 0x7f853b70a4b0
C 10
R
P 0x7f853a021e00
P 0x7f853b70f010
C 10
R
P 0x7f853a021e00
P 0x7f853b714250
C 10
R
P 0x7f853a021e00
P 0x7f853b7142a0
C 10
R
P 0x7f853a021e00
P 0x7f853b714340
C 10
R
P 0x7f853a021e00
P 0x7f853b7143e0
C 10
R
P 0x7f853a021e00
P 0x7f853b715180
C 10
R
P 0x7f853a021e00
P 0x7f853b7144a0
C 10
R
P 0x7f853a021e00
P 0x7f853b715270
C 10
R
P 0x7f853a021e00
P 0x7f853b714570
C 10
R
P 0x7f853a021e00
P 0x7f853b7153a0
C 10
R
P 0x7f853a021e00
P 0x7f853b7146b0
C 10
R
P 0x7f853a021e00
P 0x7f853b715450
C 10
R
P 0x7f853a021e00
P 0x7f853b715550
C 10
R
P 0x7f853a021e00
P 0x7f853b715180
C 10
R
P 0x7f853a021e00
P 0x7f853b714250
C 10
R
P 0x7f853a021e00
P 0x7f853b7144a0
C 10
R
P 0x7f853a021e00
P 0x7f853b715270
C 10
R
P 0x7f853a021e00
P 0x7f853b7142a0
C 10
R
P 0x7f853a021e00
P 0x7f853b714570
C 10
R
P 0x7f853a021e00
P 0x7f853b7153a0
C 10
R
P 0x7f853a021e00
P 0x7f853b714340
C 10
R
P 0x7f853a021e00
P 0x7f853b7146b0
C 10
R
P 0x7f853a021e00
P 0x7f853b715450
C 10
R
P 0x7f853a021e00
P 0x7f853b7143e0
C 10
R
P 0x7f853a021e00
P 0x7f853b715550
C 10
R
P 0x7f853a021e00
P 0x7f853b7055d0
C 10
R
P 0x7f853a021e00
P 0x7f853b714600
C 10
R
P 0x7f853a021e00
P 0x7f853b705600
C 10
R
P 0x7f853a021e00
P 0x7f853b715670
C 10
R
P 0x7f853a021e00
P 0x7f853b7157e0
C 10
R
P 0x7f853a021e00
P 0x7f853b71da20
C 523
R
P 0x7f853a021e00
P 0x7f853b7b3ee0
C 344
